<?xml version="1.0" encoding="UTF-8"?>
<coverage generated="1749480328983" clover="3.2.0">
  <project timestamp="1749480328983" name="All files">
    <metrics statements="8" coveredstatements="8" conditionals="8" coveredconditionals="7" methods="1" coveredmethods="1" elements="17" coveredelements="16" complexity="0" loc="8" ncloc="8" packages="1" files="1" classes="1"/>
    <file name="healthIndicator.js" path="C:\Users\dimaa\Desktop\Work one\healthIndicator.js">
      <metrics statements="8" coveredstatements="8" conditionals="8" coveredconditionals="7" methods="1" coveredmethods="1"/>
      <line num="1" count="1" type="stmt"/>
      <line num="2" count="5" type="stmt"/>
      <line num="4" count="5" type="cond" truecount="2" falsecount="0"/>
      <line num="5" count="1" type="stmt"/>
      <line num="6" count="4" type="cond" truecount="4" falsecount="0"/>
      <line num="7" count="2" type="stmt"/>
      <line num="8" count="2" type="cond" truecount="1" falsecount="1"/>
      <line num="9" count="2" type="stmt"/>
    </file>
  </project>
</coverage>
